<?xml version="1.0" encoding="UTF-8"?>
<!-- Generated by org.testng.reporters.JUnitXMLReporter -->
<testsuite ignored="0" hostname="DESKTOP-180JRP7" failures="0" tests="3" name="Test" time="34.128" errors="0" timestamp="2023-01-30T23:16:36 IST">
  <testcase classname="com.test.AkabarTravels" name="selectFrom" time="8.837"/>
  <testcase classname="com.test.AkabarTravels" name="selectTo" time="3.528"/>
  <testcase classname="com.test.AkabarTravels" name="selectedPlaces" time="0.912"/>
</testsuite> <!-- Test -->
