<?xml version="1.0" encoding="UTF-8"?>
<!-- Generated by org.testng.reporters.JUnitXMLReporter -->
<testsuite ignored="9" hostname="DESKTOP-180JRP7" failures="0" tests="2" name="Default test" time="9.491" errors="0" timestamp="2023-01-26T13:01:59 IST">
  <testcase classname="com.test.HomePageTestCases" name="validLogin" time="1.4"/>
  <testcase classname="com.test.HomePageTestCases" name="userNameVerification" time="0.08"/>
  <testcase classname="com.test.HomePageTestCases" name="invalidLogin" time="0.0">
    <ignored/>
  </testcase> <!-- invalidLogin -->
  <testcase classname="com.test.HomePageTestCases" name="clickOnContactButton" time="0.0">
    <ignored/>
  </testcase> <!-- clickOnContactButton -->
  <testcase classname="com.test.HomePageTestCases" name="clearFields" time="0.0">
    <ignored/>
  </testcase> <!-- clearFields -->
  <testcase classname="com.test.HomePageTestCases" name="enterDataOnContact" time="0.0">
    <ignored/>
  </testcase> <!-- enterDataOnContact -->
  <testcase classname="com.test.HomePageTestCases" name="clickOnCartButton" time="0.0">
    <ignored/>
  </testcase> <!-- clickOnCartButton -->
  <testcase classname="com.test.HomePageTestCases" name="clickOnHomeButton" time="0.0">
    <ignored/>
  </testcase> <!-- clickOnHomeButton -->
  <testcase classname="com.test.HomePageTestCases" name="clickSignUpButton" time="0.0">
    <ignored/>
  </testcase> <!-- clickSignUpButton -->
  <testcase classname="com.test.HomePageTestCases" name="clickOnAboutAs" time="0.0">
    <ignored/>
  </testcase> <!-- clickOnAboutAs -->
  <testcase classname="com.test.HomePageTestCases" name="clickLoginButton" time="0.0">
    <ignored/>
  </testcase> <!-- clickLoginButton -->
</testsuite> <!-- Default test -->
