<?xml version="1.0" encoding="UTF-8"?>
<testng-results ignored="0" total="3" passed="3" failed="0" skipped="0">
  <reporter-output>
  </reporter-output>
  <suite started-at="2023-01-30T23:16:01 IST" name="Suite" finished-at="2023-01-30T23:16:36 IST" duration-ms="34128">
    <groups>
    </groups>
    <test started-at="2023-01-30T23:16:01 IST" name="Test" finished-at="2023-01-30T23:16:36 IST" duration-ms="34128">
      <class name="com.test.AkabarTravels">
        <test-method is-config="true" signature="setUp()[pri:0, instance:com.test.AkabarTravels@4f2b503c]" started-at="2023-01-30T23:16:01 IST" name="setUp" finished-at="2023-01-30T23:16:22 IST" duration-ms="20706" status="PASS">
          <reporter-output>
          </reporter-output>
        </test-method> <!-- setUp -->
        <test-method signature="selectFrom()[pri:1, instance:com.test.AkabarTravels@4f2b503c]" started-at="2023-01-30T23:16:22 IST" name="selectFrom" finished-at="2023-01-30T23:16:31 IST" duration-ms="8837" status="PASS">
          <reporter-output>
          </reporter-output>
        </test-method> <!-- selectFrom -->
        <test-method signature="selectTo()[pri:2, instance:com.test.AkabarTravels@4f2b503c]" started-at="2023-01-30T23:16:31 IST" name="selectTo" finished-at="2023-01-30T23:16:35 IST" duration-ms="3528" status="PASS">
          <reporter-output>
          </reporter-output>
        </test-method> <!-- selectTo -->
        <test-method signature="selectedPlaces()[pri:3, instance:com.test.AkabarTravels@4f2b503c]" started-at="2023-01-30T23:16:35 IST" name="selectedPlaces" finished-at="2023-01-30T23:16:36 IST" duration-ms="912" status="PASS">
          <reporter-output>
          </reporter-output>
        </test-method> <!-- selectedPlaces -->
      </class> <!-- com.test.AkabarTravels -->
    </test> <!-- Test -->
  </suite> <!-- Suite -->
</testng-results>
